This is pdfTeX, Version 3.141592653-2.6-1.40.24 (MiKTeX 22.8.28) (preloaded format=pdflatex 2023.1.19)  3 OCT 2024 22:29
entering extended mode
 \write18 enabled.
 %&-line parsing enabled.
**./final.tex
(final.tex
LaTeX2e <2022-06-01> patch level 5
L3 programming layer <2023-01-16>
(C:\Programs\MikTex\tex/latex/base\article.cls
Document Class: article 2021/10/04 v1.4n Standard LaTeX document class
(C:\Programs\MikTex\tex/latex/base\size10.clo
File: size10.clo 2021/10/04 v1.4n Standard LaTeX file (size option)
)
\c@part=\count185
\c@section=\count186
\c@subsection=\count187
\c@subsubsection=\count188
\c@paragraph=\count189
\c@subparagraph=\count190
\c@figure=\count191
\c@table=\count192
\abovecaptionskip=\skip47
\belowcaptionskip=\skip48
\bibindent=\dimen138
)
(C:\Programs\MikTex\tex/latex/base\inputenc.sty
Package: inputenc 2021/02/14 v1.3d Input encoding file
\inpenc@prehook=\toks16
\inpenc@posthook=\toks17
)
(C:\Programs\MikTex\tex/latex/graphics\graphicx.sty
Package: graphicx 2021/09/16 v1.2d Enhanced LaTeX Graphics (DPC,SPQR)

(C:\Programs\MikTex\tex/latex/graphics\keyval.sty
Package: keyval 2022/05/29 v1.15 key=value parser (DPC)
\KV@toks@=\toks18
)
(C:\Programs\MikTex\tex/latex/graphics\graphics.sty
Package: graphics 2022/03/10 v1.4e Standard LaTeX Graphics (DPC,SPQR)

(C:\Programs\MikTex\tex/latex/graphics\trig.sty
Package: trig 2021/08/11 v1.11 sin cos tan (DPC)
)
(C:\Programs\MikTex\tex/latex/graphics-cfg\graphics.cfg
File: graphics.cfg 2016/06/04 v1.11 sample graphics configuration
)
Package graphics Info: Driver file: pdftex.def on input line 107.

(C:\Programs\MikTex\tex/latex/graphics-def\pdftex.def
File: pdftex.def 2022/09/22 v1.2b Graphics/color driver for pdftex
\stockwidth=\dimen139
\stockheight=\dimen140
))
\Gin@req@height=\dimen141
\Gin@req@width=\dimen142
)
(C:\Programs\MikTex\tex/latex/mathtools\mathtools.sty
Package: mathtools 2022/06/29 v1.29 mathematical typesetting tools

(C:\Programs\MikTex\tex/latex/tools\calc.sty
Package: calc 2017/05/25 v4.3 Infix arithmetic (KKT,FJ)
\calc@Acount=\count193
\calc@Bcount=\count194
\calc@Adimen=\dimen143
\calc@Bdimen=\dimen144
\calc@Askip=\skip49
\calc@Bskip=\skip50
LaTeX Info: Redefining \setlength on input line 80.
LaTeX Info: Redefining \addtolength on input line 81.
\calc@Ccount=\count195
\calc@Cskip=\skip51
)
(C:\Programs\MikTex\tex/latex/mathtools\mhsetup.sty
Package: mhsetup 2021/03/18 v1.4 programming setup (MH)
)
(C:\Programs\MikTex\tex/latex/amsmath\amsmath.sty
Package: amsmath 2022/04/08 v2.17n AMS math features
\@mathmargin=\skip52

For additional information on amsmath, use the `?' option.
(C:\Programs\MikTex\tex/latex/amsmath\amstext.sty
Package: amstext 2021/08/26 v2.01 AMS text

(C:\Programs\MikTex\tex/latex/amsmath\amsgen.sty
File: amsgen.sty 1999/11/30 v2.0 generic functions
\@emptytoks=\toks19
\ex@=\dimen145
))
(C:\Programs\MikTex\tex/latex/amsmath\amsbsy.sty
Package: amsbsy 1999/11/29 v1.2d Bold Symbols
\pmbraise@=\dimen146
)
(C:\Programs\MikTex\tex/latex/amsmath\amsopn.sty
Package: amsopn 2022/04/08 v2.04 operator names
)
\inf@bad=\count196
LaTeX Info: Redefining \frac on input line 234.
\uproot@=\count197
\leftroot@=\count198
LaTeX Info: Redefining \overline on input line 399.
LaTeX Info: Redefining \colon on input line 410.
\classnum@=\count199
\DOTSCASE@=\count266
LaTeX Info: Redefining \ldots on input line 496.
LaTeX Info: Redefining \dots on input line 499.
LaTeX Info: Redefining \cdots on input line 620.
\Mathstrutbox@=\box51
\strutbox@=\box52
LaTeX Info: Redefining \big on input line 722.
LaTeX Info: Redefining \Big on input line 723.
LaTeX Info: Redefining \bigg on input line 724.
LaTeX Info: Redefining \Bigg on input line 725.
\big@size=\dimen147
LaTeX Font Info:    Redeclaring font encoding OML on input line 743.
LaTeX Font Info:    Redeclaring font encoding OMS on input line 744.
\macc@depth=\count267
LaTeX Info: Redefining \bmod on input line 905.
LaTeX Info: Redefining \pmod on input line 910.
LaTeX Info: Redefining \smash on input line 940.
LaTeX Info: Redefining \relbar on input line 970.
LaTeX Info: Redefining \Relbar on input line 971.
\c@MaxMatrixCols=\count268
\dotsspace@=\muskip16
\c@parentequation=\count269
\dspbrk@lvl=\count270
\tag@help=\toks20
\row@=\count271
\column@=\count272
\maxfields@=\count273
\andhelp@=\toks21
\eqnshift@=\dimen148
\alignsep@=\dimen149
\tagshift@=\dimen150
\tagwidth@=\dimen151
\totwidth@=\dimen152
\lineht@=\dimen153
\@envbody=\toks22
\multlinegap=\skip53
\multlinetaggap=\skip54
\mathdisplay@stack=\toks23
LaTeX Info: Redefining \[ on input line 2953.
LaTeX Info: Redefining \] on input line 2954.
)
\g_MT_multlinerow_int=\count274
\l_MT_multwidth_dim=\dimen154
\origjot=\skip55
\l_MT_shortvdotswithinadjustabove_dim=\dimen155
\l_MT_shortvdotswithinadjustbelow_dim=\dimen156
\l_MT_above_intertext_sep=\dimen157
\l_MT_below_intertext_sep=\dimen158
\l_MT_above_shortintertext_sep=\dimen159
\l_MT_below_shortintertext_sep=\dimen160
\xmathstrut@box=\box53
\xmathstrut@dim=\dimen161
)
(C:\Programs\MikTex\tex/latex/pgf/frontendlayer\tikz.sty
(C:\Programs\MikTex\tex/latex/pgf/basiclayer\pgf.sty
(C:\Programs\MikTex\tex/latex/pgf/utilities\pgfrcs.sty
(C:\Programs\MikTex\tex/generic/pgf/utilities\pgfutil-common.tex
\pgfutil@everybye=\toks24
\pgfutil@tempdima=\dimen162
\pgfutil@tempdimb=\dimen163

(C:\Programs\MikTex\tex/generic/pgf/utilities\pgfutil-common-lists.tex))
(C:\Programs\MikTex\tex/generic/pgf/utilities\pgfutil-latex.def
\pgfutil@abb=\box54
)
(C:\Programs\MikTex\tex/generic/pgf/utilities\pgfrcs.code.tex
(C:\Programs\MikTex\tex/generic/pgf\pgf.revision.tex)
Package: pgfrcs 2021/05/15 v3.1.9a (3.1.9a)
))
Package: pgf 2021/05/15 v3.1.9a (3.1.9a)

(C:\Programs\MikTex\tex/latex/pgf/basiclayer\pgfcore.sty
(C:\Programs\MikTex\tex/latex/pgf/systemlayer\pgfsys.sty
(C:\Programs\MikTex\tex/generic/pgf/systemlayer\pgfsys.code.tex
Package: pgfsys 2021/05/15 v3.1.9a (3.1.9a)

(C:\Programs\MikTex\tex/generic/pgf/utilities\pgfkeys.code.tex
\pgfkeys@pathtoks=\toks25
\pgfkeys@temptoks=\toks26

(C:\Programs\MikTex\tex/generic/pgf/utilities\pgfkeysfiltered.code.tex
\pgfkeys@tmptoks=\toks27
))
\pgf@x=\dimen164
\pgf@y=\dimen165
\pgf@xa=\dimen166
\pgf@ya=\dimen167
\pgf@xb=\dimen168
\pgf@yb=\dimen169
\pgf@xc=\dimen170
\pgf@yc=\dimen171
\pgf@xd=\dimen172
\pgf@yd=\dimen173
\w@pgf@writea=\write3
\r@pgf@reada=\read2
\c@pgf@counta=\count275
\c@pgf@countb=\count276
\c@pgf@countc=\count277
\c@pgf@countd=\count278
\t@pgf@toka=\toks28
\t@pgf@tokb=\toks29
\t@pgf@tokc=\toks30
\pgf@sys@id@count=\count279

(C:\Programs\MikTex\tex/generic/pgf/systemlayer\pgf.cfg
File: pgf.cfg 2021/05/15 v3.1.9a (3.1.9a)
)
Driver file for pgf: pgfsys-pdftex.def

(C:\Programs\MikTex\tex/generic/pgf/systemlayer\pgfsys-pdftex.def
File: pgfsys-pdftex.def 2021/05/15 v3.1.9a (3.1.9a)

(C:\Programs\MikTex\tex/generic/pgf/systemlayer\pgfsys-common-pdf.def
File: pgfsys-common-pdf.def 2021/05/15 v3.1.9a (3.1.9a)
)))
(C:\Programs\MikTex\tex/generic/pgf/systemlayer\pgfsyssoftpath.code.tex
File: pgfsyssoftpath.code.tex 2021/05/15 v3.1.9a (3.1.9a)
\pgfsyssoftpath@smallbuffer@items=\count280
\pgfsyssoftpath@bigbuffer@items=\count281
)
(C:\Programs\MikTex\tex/generic/pgf/systemlayer\pgfsysprotocol.code.tex
File: pgfsysprotocol.code.tex 2021/05/15 v3.1.9a (3.1.9a)
))
(C:\Programs\MikTex\tex/latex/xcolor\xcolor.sty
Package: xcolor 2022/06/12 v2.14 LaTeX color extensions (UK)

(C:\Programs\MikTex\tex/latex/graphics-cfg\color.cfg
File: color.cfg 2016/01/02 v1.6 sample color configuration
)
Package xcolor Info: Driver file: pdftex.def on input line 227.

(C:\Programs\MikTex\tex/latex/graphics\mathcolor.ltx)
Package xcolor Info: Model `cmy' substituted by `cmy0' on input line 1353.
Package xcolor Info: Model `hsb' substituted by `rgb' on input line 1357.
Package xcolor Info: Model `RGB' extended on input line 1369.
Package xcolor Info: Model `HTML' substituted by `rgb' on input line 1371.
Package xcolor Info: Model `Hsb' substituted by `hsb' on input line 1372.
Package xcolor Info: Model `tHsb' substituted by `hsb' on input line 1373.
Package xcolor Info: Model `HSB' substituted by `hsb' on input line 1374.
Package xcolor Info: Model `Gray' substituted by `gray' on input line 1375.
Package xcolor Info: Model `wave' substituted by `hsb' on input line 1376.
)
(C:\Programs\MikTex\tex/generic/pgf/basiclayer\pgfcore.code.tex
Package: pgfcore 2021/05/15 v3.1.9a (3.1.9a)

(C:\Programs\MikTex\tex/generic/pgf/math\pgfmath.code.tex
(C:\Programs\MikTex\tex/generic/pgf/math\pgfmathcalc.code.tex
(C:\Programs\MikTex\tex/generic/pgf/math\pgfmathutil.code.tex)
(C:\Programs\MikTex\tex/generic/pgf/math\pgfmathparser.code.tex
\pgfmath@dimen=\dimen174
\pgfmath@count=\count282
\pgfmath@box=\box55
\pgfmath@toks=\toks31
\pgfmath@stack@operand=\toks32
\pgfmath@stack@operation=\toks33
)
(C:\Programs\MikTex\tex/generic/pgf/math\pgfmathfunctions.code.tex
(C:\Programs\MikTex\tex/generic/pgf/math\pgfmathfunctions.basic.code.tex)
(C:\Programs\MikTex\tex/generic/pgf/math\pgfmathfunctions.trigonometric.code.te
x) (C:\Programs\MikTex\tex/generic/pgf/math\pgfmathfunctions.random.code.tex)
(C:\Programs\MikTex\tex/generic/pgf/math\pgfmathfunctions.comparison.code.tex)
(C:\Programs\MikTex\tex/generic/pgf/math\pgfmathfunctions.base.code.tex)
(C:\Programs\MikTex\tex/generic/pgf/math\pgfmathfunctions.round.code.tex)
(C:\Programs\MikTex\tex/generic/pgf/math\pgfmathfunctions.misc.code.tex)
(C:\Programs\MikTex\tex/generic/pgf/math\pgfmathfunctions.integerarithmetics.co
de.tex))) (C:\Programs\MikTex\tex/generic/pgf/math\pgfmathfloat.code.tex
\c@pgfmathroundto@lastzeros=\count283
))
(C:\Programs\MikTex\tex/generic/pgf/math\pgfint.code.tex)
(C:\Programs\MikTex\tex/generic/pgf/basiclayer\pgfcorepoints.code.tex
File: pgfcorepoints.code.tex 2021/05/15 v3.1.9a (3.1.9a)
\pgf@picminx=\dimen175
\pgf@picmaxx=\dimen176
\pgf@picminy=\dimen177
\pgf@picmaxy=\dimen178
\pgf@pathminx=\dimen179
\pgf@pathmaxx=\dimen180
\pgf@pathminy=\dimen181
\pgf@pathmaxy=\dimen182
\pgf@xx=\dimen183
\pgf@xy=\dimen184
\pgf@yx=\dimen185
\pgf@yy=\dimen186
\pgf@zx=\dimen187
\pgf@zy=\dimen188
)
(C:\Programs\MikTex\tex/generic/pgf/basiclayer\pgfcorepathconstruct.code.tex
File: pgfcorepathconstruct.code.tex 2021/05/15 v3.1.9a (3.1.9a)
\pgf@path@lastx=\dimen189
\pgf@path@lasty=\dimen190
)
(C:\Programs\MikTex\tex/generic/pgf/basiclayer\pgfcorepathusage.code.tex
File: pgfcorepathusage.code.tex 2021/05/15 v3.1.9a (3.1.9a)
\pgf@shorten@end@additional=\dimen191
\pgf@shorten@start@additional=\dimen192
)
(C:\Programs\MikTex\tex/generic/pgf/basiclayer\pgfcorescopes.code.tex
File: pgfcorescopes.code.tex 2021/05/15 v3.1.9a (3.1.9a)
\pgfpic=\box56
\pgf@hbox=\box57
\pgf@layerbox@main=\box58
\pgf@picture@serial@count=\count284
)
(C:\Programs\MikTex\tex/generic/pgf/basiclayer\pgfcoregraphicstate.code.tex
File: pgfcoregraphicstate.code.tex 2021/05/15 v3.1.9a (3.1.9a)
\pgflinewidth=\dimen193
)
(C:\Programs\MikTex\tex/generic/pgf/basiclayer\pgfcoretransformations.code.tex
File: pgfcoretransformations.code.tex 2021/05/15 v3.1.9a (3.1.9a)
\pgf@pt@x=\dimen194
\pgf@pt@y=\dimen195
\pgf@pt@temp=\dimen196
) (C:\Programs\MikTex\tex/generic/pgf/basiclayer\pgfcorequick.code.tex
File: pgfcorequick.code.tex 2021/05/15 v3.1.9a (3.1.9a)
)
(C:\Programs\MikTex\tex/generic/pgf/basiclayer\pgfcoreobjects.code.tex
File: pgfcoreobjects.code.tex 2021/05/15 v3.1.9a (3.1.9a)
)
(C:\Programs\MikTex\tex/generic/pgf/basiclayer\pgfcorepathprocessing.code.tex
File: pgfcorepathprocessing.code.tex 2021/05/15 v3.1.9a (3.1.9a)
)
(C:\Programs\MikTex\tex/generic/pgf/basiclayer\pgfcorearrows.code.tex
File: pgfcorearrows.code.tex 2021/05/15 v3.1.9a (3.1.9a)
\pgfarrowsep=\dimen197
)
(C:\Programs\MikTex\tex/generic/pgf/basiclayer\pgfcoreshade.code.tex
File: pgfcoreshade.code.tex 2021/05/15 v3.1.9a (3.1.9a)
\pgf@max=\dimen198
\pgf@sys@shading@range@num=\count285
\pgf@shadingcount=\count286
)
(C:\Programs\MikTex\tex/generic/pgf/basiclayer\pgfcoreimage.code.tex
File: pgfcoreimage.code.tex 2021/05/15 v3.1.9a (3.1.9a)

(C:\Programs\MikTex\tex/generic/pgf/basiclayer\pgfcoreexternal.code.tex
File: pgfcoreexternal.code.tex 2021/05/15 v3.1.9a (3.1.9a)
\pgfexternal@startupbox=\box59
))
(C:\Programs\MikTex\tex/generic/pgf/basiclayer\pgfcorelayers.code.tex
File: pgfcorelayers.code.tex 2021/05/15 v3.1.9a (3.1.9a)
)
(C:\Programs\MikTex\tex/generic/pgf/basiclayer\pgfcoretransparency.code.tex
File: pgfcoretransparency.code.tex 2021/05/15 v3.1.9a (3.1.9a)
)
(C:\Programs\MikTex\tex/generic/pgf/basiclayer\pgfcorepatterns.code.tex
File: pgfcorepatterns.code.tex 2021/05/15 v3.1.9a (3.1.9a)
)
(C:\Programs\MikTex\tex/generic/pgf/basiclayer\pgfcorerdf.code.tex
File: pgfcorerdf.code.tex 2021/05/15 v3.1.9a (3.1.9a)
)))
(C:\Programs\MikTex\tex/generic/pgf/modules\pgfmoduleshapes.code.tex
File: pgfmoduleshapes.code.tex 2021/05/15 v3.1.9a (3.1.9a)
\pgfnodeparttextbox=\box60
)
(C:\Programs\MikTex\tex/generic/pgf/modules\pgfmoduleplot.code.tex
File: pgfmoduleplot.code.tex 2021/05/15 v3.1.9a (3.1.9a)
)
(C:\Programs\MikTex\tex/latex/pgf/compatibility\pgfcomp-version-0-65.sty
Package: pgfcomp-version-0-65 2021/05/15 v3.1.9a (3.1.9a)
\pgf@nodesepstart=\dimen199
\pgf@nodesepend=\dimen256
)
(C:\Programs\MikTex\tex/latex/pgf/compatibility\pgfcomp-version-1-18.sty
Package: pgfcomp-version-1-18 2021/05/15 v3.1.9a (3.1.9a)
))
(C:\Programs\MikTex\tex/latex/pgf/utilities\pgffor.sty
(C:\Programs\MikTex\tex/latex/pgf/utilities\pgfkeys.sty
(C:\Programs\MikTex\tex/generic/pgf/utilities\pgfkeys.code.tex))
(C:\Programs\MikTex\tex/latex/pgf/math\pgfmath.sty
(C:\Programs\MikTex\tex/generic/pgf/math\pgfmath.code.tex))
(C:\Programs\MikTex\tex/generic/pgf/utilities\pgffor.code.tex
Package: pgffor 2021/05/15 v3.1.9a (3.1.9a)

(C:\Programs\MikTex\tex/generic/pgf/math\pgfmath.code.tex)
\pgffor@iter=\dimen257
\pgffor@skip=\dimen258
\pgffor@stack=\toks34
\pgffor@toks=\toks35
))
(C:\Programs\MikTex\tex/generic/pgf/frontendlayer/tikz\tikz.code.tex
Package: tikz 2021/05/15 v3.1.9a (3.1.9a)

(C:\Programs\MikTex\tex/generic/pgf/libraries\pgflibraryplothandlers.code.tex
File: pgflibraryplothandlers.code.tex 2021/05/15 v3.1.9a (3.1.9a)
\pgf@plot@mark@count=\count287
\pgfplotmarksize=\dimen259
)
\tikz@lastx=\dimen260
\tikz@lasty=\dimen261
\tikz@lastxsaved=\dimen262
\tikz@lastysaved=\dimen263
\tikz@lastmovetox=\dimen264
\tikz@lastmovetoy=\dimen265
\tikzleveldistance=\dimen266
\tikzsiblingdistance=\dimen267
\tikz@figbox=\box61
\tikz@figbox@bg=\box62
\tikz@tempbox=\box63
\tikz@tempbox@bg=\box64
\tikztreelevel=\count288
\tikznumberofchildren=\count289
\tikznumberofcurrentchild=\count290
\tikz@fig@count=\count291

(C:\Programs\MikTex\tex/generic/pgf/modules\pgfmodulematrix.code.tex
File: pgfmodulematrix.code.tex 2021/05/15 v3.1.9a (3.1.9a)
\pgfmatrixcurrentrow=\count292
\pgfmatrixcurrentcolumn=\count293
\pgf@matrix@numberofcolumns=\count294
)
\tikz@expandcount=\count295

(C:\Programs\MikTex\tex/generic/pgf/frontendlayer/tikz/libraries\tikzlibrarytop
aths.code.tex
File: tikzlibrarytopaths.code.tex 2021/05/15 v3.1.9a (3.1.9a)
))) (C:\Programs\MikTex\tex/latex/psnfss\palatino.sty
Package: palatino 2020/03/25 PSNFSS-v9.3 (SPQR) 
)
(C:\Programs\MikTex\tex/latex/booktabs\booktabs.sty
Package: booktabs 2020/01/12 v1.61803398 Publication quality tables
\heavyrulewidth=\dimen268
\lightrulewidth=\dimen269
\cmidrulewidth=\dimen270
\belowrulesep=\dimen271
\belowbottomsep=\dimen272
\aboverulesep=\dimen273
\abovetopsep=\dimen274
\cmidrulesep=\dimen275
\cmidrulekern=\dimen276
\defaultaddspace=\dimen277
\@cmidla=\count296
\@cmidlb=\count297
\@aboverulesep=\dimen278
\@belowrulesep=\dimen279
\@thisruleclass=\count298
\@lastruleclass=\count299
\@thisrulewidth=\dimen280
)
(C:\Programs\MikTex\tex/latex/tools\array.sty
Package: array 2021/10/04 v2.5f Tabular extension package (FMi)
\col@sep=\dimen281
\ar@mcellbox=\box65
\extrarowheight=\dimen282
\NC@list=\toks36
\extratabsurround=\skip56
\backup@length=\skip57
\ar@cellbox=\box66
)
(C:\Programs\MikTex\tex/latex/paralist\paralist.sty
Package: paralist 2017/01/22 v2.7 Extended list environments
\pltopsep=\skip58
\plpartopsep=\skip59
\plitemsep=\skip60
\plparsep=\skip61
\pl@lab=\toks37
)
(C:\Programs\MikTex\tex/latex/tools\verbatim.sty
Package: verbatim 2020-07-07 v1.5u LaTeX2e package for verbatim enhancements
\every@verbatim=\toks38
\verbatim@line=\toks39
\verbatim@in@stream=\read3
)
(C:\Programs\MikTex\tex/latex/subfig\subfig.sty
Package: subfig 2005/06/28 ver: 1.3 subfig package

(C:\Programs\MikTex\tex/latex/caption\caption.sty
Package: caption 2022/03/01 v3.6b Customizing captions (AR)

(C:\Programs\MikTex\tex/latex/caption\caption3.sty
Package: caption3 2022/03/17 v2.3b caption3 kernel (AR)
\caption@tempdima=\dimen283
\captionmargin=\dimen284
\caption@leftmargin=\dimen285
\caption@rightmargin=\dimen286
\caption@width=\dimen287
\caption@indent=\dimen288
\caption@parindent=\dimen289
\caption@hangindent=\dimen290
Package caption Info: Standard document class detected.
)
\c@caption@flags=\count300
\c@continuedfloat=\count301
)
\c@KVtest=\count302
\sf@farskip=\skip62
\sf@captopadj=\dimen291
\sf@capskip=\skip63
\sf@nearskip=\skip64
\c@subfigure=\count303
\c@subfigure@save=\count304
\c@lofdepth=\count305
\c@subtable=\count306
\c@subtable@save=\count307
\c@lotdepth=\count308
\sf@top=\skip65
\sf@bottom=\skip66
)
(C:\Programs\MikTex\tex/latex/hyperref\hyperref.sty
Package: hyperref 2022-11-13 v7.00u Hypertext links for LaTeX

(C:\Programs\MikTex\tex/generic/ltxcmds\ltxcmds.sty
Package: ltxcmds 2020-05-10 v1.25 LaTeX kernel commands for general use (HO)
)
(C:\Programs\MikTex\tex/generic/iftex\iftex.sty
Package: iftex 2022/02/03 v1.0f TeX engine tests
)
(C:\Programs\MikTex\tex/generic/pdftexcmds\pdftexcmds.sty
Package: pdftexcmds 2020-06-27 v0.33 Utility functions of pdfTeX for LuaTeX (HO
)

(C:\Programs\MikTex\tex/generic/infwarerr\infwarerr.sty
Package: infwarerr 2019/12/03 v1.5 Providing info/warning/error messages (HO)
)
Package pdftexcmds Info: \pdf@primitive is available.
Package pdftexcmds Info: \pdf@ifprimitive is available.
Package pdftexcmds Info: \pdfdraftmode found.
)
(C:\Programs\MikTex\tex/latex/kvsetkeys\kvsetkeys.sty
Package: kvsetkeys 2022-10-05 v1.19 Key value parser (HO)
)
(C:\Programs\MikTex\tex/generic/kvdefinekeys\kvdefinekeys.sty
Package: kvdefinekeys 2019-12-19 v1.6 Define keys (HO)
)
(C:\Programs\MikTex\tex/generic/pdfescape\pdfescape.sty
Package: pdfescape 2019/12/09 v1.15 Implements pdfTeX's escape features (HO)
)
(C:\Programs\MikTex\tex/latex/hycolor\hycolor.sty
Package: hycolor 2020-01-27 v1.10 Color options for hyperref/bookmark (HO)
)
(C:\Programs\MikTex\tex/latex/letltxmacro\letltxmacro.sty
Package: letltxmacro 2019/12/03 v1.6 Let assignment for LaTeX macros (HO)
)
(C:\Programs\MikTex\tex/latex/auxhook\auxhook.sty
Package: auxhook 2019-12-17 v1.6 Hooks for auxiliary files (HO)
)
(C:\Programs\MikTex\tex/latex/hyperref\nameref.sty
Package: nameref 2022-05-17 v2.50 Cross-referencing by name of section

(C:\Programs\MikTex\tex/latex/refcount\refcount.sty
Package: refcount 2019/12/15 v3.6 Data extraction from label references (HO)
)
(C:\Programs\MikTex\tex/generic/gettitlestring\gettitlestring.sty
Package: gettitlestring 2019/12/15 v1.6 Cleanup title references (HO)

(C:\Programs\MikTex\tex/latex/kvoptions\kvoptions.sty
Package: kvoptions 2022-06-15 v3.15 Key value format for package options (HO)
))
\c@section@level=\count309
)
\@linkdim=\dimen292
\Hy@linkcounter=\count310
\Hy@pagecounter=\count311

(C:\Programs\MikTex\tex/latex/hyperref\pd1enc.def
File: pd1enc.def 2022-11-13 v7.00u Hyperref: PDFDocEncoding definition (HO)
Now handling font encoding PD1 ...
... no UTF-8 mapping file for font encoding PD1
)
(C:\Programs\MikTex\tex/generic/intcalc\intcalc.sty
Package: intcalc 2019/12/15 v1.3 Expandable calculations with integers (HO)
)
(C:\Programs\MikTex\tex/generic/etexcmds\etexcmds.sty
Package: etexcmds 2019/12/15 v1.7 Avoid name clashes with e-TeX commands (HO)
)
\Hy@SavedSpaceFactor=\count312

(C:\Programs\MikTex\tex/latex/hyperref\puenc.def
File: puenc.def 2022-11-13 v7.00u Hyperref: PDF Unicode definition (HO)
Now handling font encoding PU ...
... no UTF-8 mapping file for font encoding PU
)
Package hyperref Info: Option `colorlinks' set `true' on input line 4045.
Package hyperref Info: Hyper figures OFF on input line 4162.
Package hyperref Info: Link nesting OFF on input line 4167.
Package hyperref Info: Hyper index ON on input line 4170.
Package hyperref Info: Plain pages OFF on input line 4177.
Package hyperref Info: Backreferencing ON on input line 4180.
Package hyperref Info: Implicit mode ON; LaTeX internals redefined.
Package hyperref Info: Bookmarks ON on input line 4410.

(C:\Programs\MikTex\tex/latex/hyperref\backref.sty
Package: backref 2021/02/04 v1.41 Bibliographical back referencing

(C:\Programs\MikTex\tex/latex/rerunfilecheck\rerunfilecheck.sty
Package: rerunfilecheck 2022-07-10 v1.10 Rerun checks for auxiliary files (HO)

(C:\Programs\MikTex\tex/latex/base\atveryend-ltx.sty
Package: atveryend-ltx 2020/08/19 v1.0a Emulation of the original atveryend pac
kage
with kernel methods
)
(C:\Programs\MikTex\tex/generic/uniquecounter\uniquecounter.sty
Package: uniquecounter 2019/12/15 v1.4 Provide unlimited unique counter (HO)

(C:\Programs\MikTex\tex/generic/bigintcalc\bigintcalc.sty
Package: bigintcalc 2019/12/15 v1.5 Expandable calculations on big integers (HO
)
))
Package uniquecounter Info: New unique counter `rerunfilecheck' on input line 2
85.
))
\c@Hy@tempcnt=\count313

(C:\Programs\MikTex\tex/latex/url\url.sty
\Urlmuskip=\muskip17
Package: url 2013/09/16  ver 3.4  Verb mode for urls, etc.
)
LaTeX Info: Redefining \url on input line 4748.
\XeTeXLinkMargin=\dimen293

(C:\Programs\MikTex\tex/generic/bitset\bitset.sty
Package: bitset 2019/12/09 v1.3 Handle bit-vector datatype (HO)
)
\Fld@menulength=\count314
\Field@Width=\dimen294
\Fld@charsize=\dimen295
Package hyperref Info: Hyper figures OFF on input line 6027.
Package hyperref Info: Link nesting OFF on input line 6032.
Package hyperref Info: Hyper index ON on input line 6035.
Package hyperref Info: backreferencing ON on input line 6040.
Package hyperref Info: Link coloring ON on input line 6045.
Package hyperref Info: Link coloring with OCG OFF on input line 6052.
Package hyperref Info: PDF/A mode OFF on input line 6057.

(C:\Programs\MikTex\tex/latex/base\atbegshi-ltx.sty
Package: atbegshi-ltx 2021/01/10 v1.0c Emulation of the original atbegshi
package with kernel methods
)
\Hy@abspage=\count315
\c@Item=\count316
\c@Hfootnote=\count317
)
Package hyperref Info: Driver (autodetected): hpdftex.

(C:\Programs\MikTex\tex/latex/hyperref\hpdftex.def
File: hpdftex.def 2022-11-13 v7.00u Hyperref driver for pdfTeX
\Fld@listcount=\count318
\c@bookmark@seq@number=\count319
\Hy@SectionHShift=\skip67
)
(C:\Programs\MikTex\tex/latex/fancyhdr\fancyhdr.sty
Package: fancyhdr 2022/11/09 v4.1 Extensive control of page headers and footers

\f@nch@headwidth=\skip68
\f@nch@O@elh=\skip69
\f@nch@O@erh=\skip70
\f@nch@O@olh=\skip71
\f@nch@O@orh=\skip72
\f@nch@O@elf=\skip73
\f@nch@O@erf=\skip74
\f@nch@O@olf=\skip75
\f@nch@O@orf=\skip76
)
(C:\Programs\MikTex\tex/latex/cleveref\cleveref.sty
Package: cleveref 2018/03/27 v0.21.4 Intelligent cross-referencing
Package cleveref Info: `hyperref' support loaded on input line 2370.
LaTeX Info: Redefining \cref on input line 2370.
LaTeX Info: Redefining \Cref on input line 2370.
LaTeX Info: Redefining \crefrange on input line 2370.
LaTeX Info: Redefining \Crefrange on input line 2370.
LaTeX Info: Redefining \cpageref on input line 2370.
LaTeX Info: Redefining \Cpageref on input line 2370.
LaTeX Info: Redefining \cpagerefrange on input line 2370.
LaTeX Info: Redefining \Cpagerefrange on input line 2370.
LaTeX Info: Redefining \labelcref on input line 2370.
LaTeX Info: Redefining \labelcpageref on input line 2370.
Package cleveref Info: `subfig' support loaded on input line 3164.
)
(C:\Programs\MikTex\tex/latex/sectsty\sectsty.sty
Package: sectsty 2002/02/25 v2.0.2 Commands to change all sectional heading sty
les


LaTeX Warning: Command \underbar  has changed.
               Check if current package is valid.


LaTeX Warning: Command \underline  has changed.
               Check if current package is valid.

) (C:\Programs\MikTex\tex/latex/natbib\natbib.sty
Package: natbib 2010/09/13 8.31b (PWD, AO)
\bibhang=\skip77
\bibsep=\skip78
LaTeX Info: Redefining \cite on input line 694.
\c@NAT@ctr=\count320
)
(C:\Programs\MikTex\tex/latex/tocbibind\tocbibind.sty
Package: tocbibind 2010/10/13 v1.5k extra ToC listings
Package tocbibind Info: The document has section divisions on input line 50.


Package tocbibind Note: Using section or other style headings.

) (C:\Programs\MikTex\tex/latex/tocloft\tocloft.sty
Package: tocloft 2017/08/31 v2.3i parameterised ToC, etc., typesetting
Package tocloft Info: The document has section divisions on input line 51.
\cftparskip=\skip79
\cftbeforetoctitleskip=\skip80
\cftaftertoctitleskip=\skip81
\cftbeforepartskip=\skip82
\cftpartnumwidth=\skip83
\cftpartindent=\skip84
\cftbeforesecskip=\skip85
\cftsecindent=\skip86
\cftsecnumwidth=\skip87
\cftbeforesubsecskip=\skip88
\cftsubsecindent=\skip89
\cftsubsecnumwidth=\skip90
\cftbeforesubsubsecskip=\skip91
\cftsubsubsecindent=\skip92
\cftsubsubsecnumwidth=\skip93
\cftbeforeparaskip=\skip94
\cftparaindent=\skip95
\cftparanumwidth=\skip96
\cftbeforesubparaskip=\skip97
\cftsubparaindent=\skip98
\cftsubparanumwidth=\skip99
\cftbeforeloftitleskip=\skip100
\cftafterloftitleskip=\skip101
\cftbeforefigskip=\skip102
\cftfigindent=\skip103
\cftfignumwidth=\skip104
\cftbeforelottitleskip=\skip105
\cftafterlottitleskip=\skip106
\cftbeforetabskip=\skip107
\cfttabindent=\skip108
\cfttabnumwidth=\skip109
\cftbeforesubfigskip=\skip110
\cftsubfigindent=\skip111
\cftsubfignumwidth=\skip112
\cftbeforesubtabskip=\skip113
\cftsubtabindent=\skip114
\cftsubtabnumwidth=\skip115
)
LaTeX Font Info:    Trying to load font information for OT1+ppl on input line 7
3.

(C:\Programs\MikTex\tex/latex/psnfss\ot1ppl.fd
File: ot1ppl.fd 2001/06/04 font definitions for OT1/ppl.
)
(C:\Programs\MikTex\tex/latex/l3backend\l3backend-pdftex.def
File: l3backend-pdftex.def 2023-01-16 L3 backend support: PDF output (pdfTeX)
\l__color_backend_stack_int=\count321
\l__pdf_internal_box=\box67
) (final.aux)
\openout1 = `final.aux'.

LaTeX Font Info:    Checking defaults for OML/cmm/m/it on input line 73.
LaTeX Font Info:    ... okay on input line 73.
LaTeX Font Info:    Checking defaults for OMS/cmsy/m/n on input line 73.
LaTeX Font Info:    ... okay on input line 73.
LaTeX Font Info:    Checking defaults for OT1/cmr/m/n on input line 73.
LaTeX Font Info:    ... okay on input line 73.
LaTeX Font Info:    Checking defaults for T1/cmr/m/n on input line 73.
LaTeX Font Info:    ... okay on input line 73.
LaTeX Font Info:    Checking defaults for TS1/cmr/m/n on input line 73.
LaTeX Font Info:    ... okay on input line 73.
LaTeX Font Info:    Checking defaults for OMX/cmex/m/n on input line 73.
LaTeX Font Info:    ... okay on input line 73.
LaTeX Font Info:    Checking defaults for U/cmr/m/n on input line 73.
LaTeX Font Info:    ... okay on input line 73.
LaTeX Font Info:    Checking defaults for PD1/pdf/m/n on input line 73.
LaTeX Font Info:    ... okay on input line 73.
LaTeX Font Info:    Checking defaults for PU/pdf/m/n on input line 73.
LaTeX Font Info:    ... okay on input line 73.

(C:\Programs\MikTex\tex/context/base/mkii\supp-pdf.mkii
[Loading MPS to PDF converter (version 2006.09.02).]
\scratchcounter=\count322
\scratchdimen=\dimen296
\scratchbox=\box68
\nofMPsegments=\count323
\nofMParguments=\count324
\everyMPshowfont=\toks40
\MPscratchCnt=\count325
\MPscratchDim=\dimen297
\MPnumerator=\count326
\makeMPintoPDFobject=\count327
\everyMPtoPDFconversion=\toks41
) (C:\Programs\MikTex\tex/latex/epstopdf-pkg\epstopdf-base.sty
Package: epstopdf-base 2020-01-24 v2.11 Base part for package epstopdf

(C:\Programs\MikTex\tex/latex/grfext\grfext.sty
Package: grfext 2019/12/03 v1.3 Manage graphics extensions (HO)
)
Package epstopdf-base Info: Redefining graphics rule for `.eps' on input line 4
85.
Package grfext Info: Graphics extension search list:
(grfext)             [.pdf,.png,.jpg,.mps,.jpeg,.jbig2,.jb2,.PDF,.PNG,.JPG,.JPE
G,.JBIG2,.JB2,.eps]
(grfext)             \AppendGraphicsExtensions on input line 504.

(C:\Programs\MikTex\tex/latex/00miktex\epstopdf-sys.cfg
File: epstopdf-sys.cfg 2021/03/18 v2.0 Configuration of epstopdf for MiKTeX
))
Package caption Info: Begin \AtBeginDocument code.
Package caption Info: subfig package v1.3 is loaded.
Package caption Info: hyperref package is loaded.
Package caption Info: End \AtBeginDocument code.
Package backref Info: ** backref set up for natbib ** on input line 73.
Package hyperref Info: Link coloring ON on input line 73.
 (final.out)
(final.out)
\@outlinefile=\write4
\openout4 = `final.out'.

LaTeX Font Info:    Trying to load font information for OT1+phv on input line 7
6.
 (C:\Programs\MikTex\tex/latex/psnfss\ot1phv.fd
File: ot1phv.fd 2020/03/25 scalable font definitions for OT1/phv.
)
LaTeX Font Info:    Trying to load font information for TS1+ppl on input line 9
2.

(C:\Programs\MikTex\tex/latex/psnfss\ts1ppl.fd
File: ts1ppl.fd 2001/06/04 font definitions for TS1/ppl.
)

Package natbib Warning: Citation `a572' on page 1 undefined on input line 92.


Package natbib Warning: Citation `Akhnoukh2021' on page 1 undefined on input li
ne 92.


Package natbib Warning: Citation `forrestal1994empirical' on page 1 undefined o
n input line 107.


Package natbib Warning: Citation `forrestal1996penetration' on page 1 undefined
 on input line 107.


Package natbib Warning: Citation `frew2006effect' on page 1 undefined on input 
line 107.


Package natbib Warning: Citation `frew1998penetration' on page 1 undefined on i
nput line 107.


Overfull \hbox (28.63591pt too wide) detected at line 119
[][][]\OML/cmm/m/it/10 N \OT1/cmr/m/n/10 = [];  \OML/cmm/m/it/10 V[] \OT1/cmr/m
/n/10 = [];  \OML/cmm/m/it/10 S \OT1/cmr/m/n/10 = 82\OML/cmm/m/it/10 :\OT1/cmr/
m/n/10 6 \OMS/cmsy/m/n/10 ^^B [][]
 []

[1

{C:/Users/mohab/AppData/Local/MiKTeX/fonts/map/pdftex/pdftex.map}]

Package natbib Warning: Citation `forrestal2003penetration' on page 2 undefined
 on input line 121.


Overfull \hbox (6.71535pt too wide) in paragraph at lines 121--123
\OT1/ppl/m/n/10 nosed pro-jec-tiles while ne-glect-ing fric-tion be-tween pro-j
ec-tile and tar-get medium. 
 []


Overfull \hbox (49.13719pt too wide) detected at line 135
[][][][][]
 []


Package natbib Warning: Citation `chen2002deep' on page 2 undefined on input li
ne 136.


Package natbib Warning: Citation `li2003dimensionless' on page 2 undefined on i
nput line 136.


Package natbib Warning: Citation `forrestal1993penetration' on page 2 undefined
 on input line 136.


Package natbib Warning: Citation `forrestal1996penetration' on page 2 undefined
 on input line 136.


Package natbib Warning: Citation `chen2002deep' on page 2 undefined on input li
ne 136.


Package natbib Warning: Citation `li2003dimensionless' on page 2 undefined on i
nput line 136.


Package natbib Warning: Citation `chen2002deep' on page 2 undefined on input li
ne 145.

[2
pdfTeX warning (ext4): destination with the same identifier (name{equation.0.4}
) has been already used, duplicate ignored
<argument> ...shipout:D \box_use:N \l_shipout_box 
                                                  \__shipout_drop_firstpage_...
l.153   \end{equation}
                      ]
Overfull \hbox (20.27957pt too wide) detected at line 169
[][][][][]
 []


Package natbib Warning: Citation `chen2002deep' on page 3 undefined on input li
ne 181.

[3
pdfTeX warning (ext4): destination with the same identifier (name{equation.0.6}
) has been already used, duplicate ignored
<argument> ...shipout:D \box_use:N \l_shipout_box 
                                                  \__shipout_drop_firstpage_...
l.182 
      
pdfTeX warning (ext4): destination with the same identifier (name{equation.0.6}
) has been already used, duplicate ignored
<argument> ...shipout:D \box_use:N \l_shipout_box 
                                                  \__shipout_drop_firstpage_...
l.182 
      ]

Package natbib Warning: Citation `chen2002deep' on page 4 undefined on input li
ne 184.


Package natbib Warning: Citation `li2003dimensionless' on page 4 undefined on i
nput line 184.


pdfTeX warning (ext4): destination with the same identifier (name{equation.0.6}
) has been already used, duplicate ignored
<to be read again> 
                   \relax 
l.185 \begin{equation}
                      \nonumber
pdfTeX warning (ext4): destination with the same identifier (name{equation.0.6}
) has been already used, duplicate ignored
<to be read again> 
                   \relax 
l.185 \begin{equation}
                      \nonumber
pdfTeX warning (ext4): destination with the same identifier (name{equation.0.6}
) has been already used, duplicate ignored
<to be read again> 
                   \relax 
l.185 \begin{equation}
                      \nonumber
pdfTeX warning (ext4): destination with the same identifier (name{equation.0.6}
) has been already used, duplicate ignored
<to be read again> 
                   \relax 
l.185 \begin{equation}
                      \nonumber

Package natbib Warning: Citation `forrestal1988dynamic' on page 4 undefined on 
input line 191.


Package natbib Warning: Citation `li2003dimensionless' on page 4 undefined on i
nput line 191.


pdfTeX warning (ext4): destination with the same identifier (name{equation.0.6}
) has been already used, duplicate ignored
<to be read again> 
                   \relax 
l.192 \begin{equation}
                      \nonumber
pdfTeX warning (ext4): destination with the same identifier (name{equation.0.6}
) has been already used, duplicate ignored
<to be read again> 
                   \relax 
l.192 \begin{equation}
                      \nonumber
pdfTeX warning (ext4): destination with the same identifier (name{equation.0.6}
) has been already used, duplicate ignored
<to be read again> 
                   \relax 
l.192 \begin{equation}
                      \nonumber
pdfTeX warning (ext4): destination with the same identifier (name{equation.0.6}
) has been already used, duplicate ignored
<to be read again> 
                   \relax 
l.192 \begin{equation}
                      \nonumber
pdfTeX warning (ext4): destination with the same identifier (name{equation.0.6}
) has been already used, duplicate ignored
<to be read again> 
                   \relax 
l.197 \begin{equation}
                      \nonumber
pdfTeX warning (ext4): destination with the same identifier (name{equation.0.6}
) has been already used, duplicate ignored
<to be read again> 
                   \relax 
l.197 \begin{equation}
                      \nonumber
pdfTeX warning (ext4): destination with the same identifier (name{equation.0.6}
) has been already used, duplicate ignored
<to be read again> 
                   \relax 
l.197 \begin{equation}
                      \nonumber
pdfTeX warning (ext4): destination with the same identifier (name{equation.0.6}
) has been already used, duplicate ignored
<to be read again> 
                   \relax 
l.197 \begin{equation}
                      \nonumber
pdfTeX warning (ext4): destination with the same identifier (name{equation.0.6}
) has been already used, duplicate ignored
<to be read again> 
                   \relax 
l.201 \begin{equation}
                      \nonumber
pdfTeX warning (ext4): destination with the same identifier (name{equation.0.6}
) has been already used, duplicate ignored
<to be read again> 
                   \relax 
l.201 \begin{equation}
                      \nonumber
pdfTeX warning (ext4): destination with the same identifier (name{equation.0.6}
) has been already used, duplicate ignored
<to be read again> 
                   \relax 
l.201 \begin{equation}
                      \nonumber
pdfTeX warning (ext4): destination with the same identifier (name{equation.0.6}
) has been already used, duplicate ignored
<to be read again> 
                   \relax 
l.201 \begin{equation}
                      \nonumber
pdfTeX warning (ext4): destination with the same identifier (name{equation.0.6}
) has been already used, duplicate ignored
<to be read again> 
                   \relax 
l.215 \begin{equation}
                      \nonumber
pdfTeX warning (ext4): destination with the same identifier (name{equation.0.6}
) has been already used, duplicate ignored
<to be read again> 
                   \relax 
l.215 \begin{equation}
                      \nonumber
pdfTeX warning (ext4): destination with the same identifier (name{equation.0.6}
) has been already used, duplicate ignored
<to be read again> 
                   \relax 
l.215 \begin{equation}
                      \nonumber
pdfTeX warning (ext4): destination with the same identifier (name{equation.0.6}
) has been already used, duplicate ignored
<to be read again> 
                   \relax 
l.215 \begin{equation}
                      \nonumber [4]

Package natbib Warning: Citation `forrestal1994empirical' on page 5 undefined o
n input line 240.


Package natbib Warning: Citation `forrestal1996penetration' on page 5 undefined
 on input line 240.


Package natbib Warning: Citation `frew2006effect' on page 5 undefined on input 
line 240.


Package natbib Warning: Citation `frew1998penetration' on page 5 undefined on i
nput line 240.


Package natbib Warning: Citation `chen2002deep' on page 5 undefined on input li
ne 240.


Package natbib Warning: Citation `li2003dimensionless' on page 5 undefined on i
nput line 240.


Package natbib Warning: Citation `chen2002deep' on page 5 undefined on input li
ne 240.


Package natbib Warning: Citation `li2003dimensionless' on page 5 undefined on i
nput line 240.


Package natbib Warning: Citation `krauthammer2008modern' on page 5 undefined on
 input line 243.


Package natbib Warning: Citation `ufc3340022014' on page 5 undefined on input l
ine 264.


pdfTeX warning (ext4): destination with the same identifier (name{equation.0.6}
) has been already used, duplicate ignored
<to be read again> 
                   \relax 
l.267 \begin{equation}
                      \nonumber\begin{aligned}
pdfTeX warning (ext4): destination with the same identifier (name{equation.0.6}
) has been already used, duplicate ignored
<to be read again> 
                   \relax 
l.267 \begin{equation}
                      \nonumber\begin{aligned}
pdfTeX warning (ext4): destination with the same identifier (name{equation.0.6}
) has been already used, duplicate ignored
<to be read again> 
                   \relax 
l.267 \begin{equation}
                      \nonumber\begin{aligned}
pdfTeX warning (ext4): destination with the same identifier (name{equation.0.6}
) has been already used, duplicate ignored
<to be read again> 
                   \relax 
l.267 \begin{equation}
                      \nonumber\begin{aligned} [5]

Package natbib Warning: Citation `ufc3340022014' on page 6 undefined on input l
ine 276.


pdfTeX warning (ext4): destination with the same identifier (name{equation.0.6}
) has been already used, duplicate ignored
<to be read again> 
                   \relax 
l.277 \begin{equation}
                      \nonumber
pdfTeX warning (ext4): destination with the same identifier (name{equation.0.6}
) has been already used, duplicate ignored
<to be read again> 
                   \relax 
l.277 \begin{equation}
                      \nonumber
pdfTeX warning (ext4): destination with the same identifier (name{equation.0.6}
) has been already used, duplicate ignored
<to be read again> 
                   \relax 
l.277 \begin{equation}
                      \nonumber
pdfTeX warning (ext4): destination with the same identifier (name{equation.0.6}
) has been already used, duplicate ignored
<to be read again> 
                   \relax 
l.277 \begin{equation}
                      \nonumber
pdfTeX warning (ext4): destination with the same identifier (name{equation.0.6}
) has been already used, duplicate ignored
<to be read again> 
                   \relax 
l.281 \begin{equation}
                      \nonumber
pdfTeX warning (ext4): destination with the same identifier (name{equation.0.6}
) has been already used, duplicate ignored
<to be read again> 
                   \relax 
l.281 \begin{equation}
                      \nonumber
pdfTeX warning (ext4): destination with the same identifier (name{equation.0.6}
) has been already used, duplicate ignored
<to be read again> 
                   \relax 
l.281 \begin{equation}
                      \nonumber
pdfTeX warning (ext4): destination with the same identifier (name{equation.0.6}
) has been already used, duplicate ignored
<to be read again> 
                   \relax 
l.281 \begin{equation}
                      \nonumber

Package natbib Warning: Citation `ufc3340022014' on page 6 undefined on input l
ine 285.


Package natbib Warning: Citation `ufc3340022014' on page 6 undefined on input l
ine 290.


pdfTeX warning (ext4): destination with the same identifier (name{equation.0.6}
) has been already used, duplicate ignored
<to be read again> 
                   \relax 
l.291 \begin{equation}
                      \nonumber
pdfTeX warning (ext4): destination with the same identifier (name{equation.0.6}
) has been already used, duplicate ignored
<to be read again> 
                   \relax 
l.291 \begin{equation}
                      \nonumber
pdfTeX warning (ext4): destination with the same identifier (name{equation.0.6}
) has been already used, duplicate ignored
<to be read again> 
                   \relax 
l.291 \begin{equation}
                      \nonumber
pdfTeX warning (ext4): destination with the same identifier (name{equation.0.6}
) has been already used, duplicate ignored
<to be read again> 
                   \relax 
l.291 \begin{equation}
                      \nonumber
pdfTeX warning (ext4): destination with the same identifier (name{equation.0.6}
) has been already used, duplicate ignored
<to be read again> 
                   \relax 
l.295 \begin{equation}
                      \nonumber
pdfTeX warning (ext4): destination with the same identifier (name{equation.0.6}
) has been already used, duplicate ignored
<to be read again> 
                   \relax 
l.295 \begin{equation}
                      \nonumber
pdfTeX warning (ext4): destination with the same identifier (name{equation.0.6}
) has been already used, duplicate ignored
<to be read again> 
                   \relax 
l.295 \begin{equation}
                      \nonumber
pdfTeX warning (ext4): destination with the same identifier (name{equation.0.6}
) has been already used, duplicate ignored
<to be read again> 
                   \relax 
l.295 \begin{equation}
                      \nonumber [6]

Package natbib Warning: Citation `ufc3340022014' on page 7 undefined on input l
ine 302.


pdfTeX warning (ext4): destination with the same identifier (name{equation.0.6}
) has been already used, duplicate ignored
<to be read again> 
                   \relax 
l.310 \begin{equation}
                      \nonumber\begin{aligned}
pdfTeX warning (ext4): destination with the same identifier (name{equation.0.6}
) has been already used, duplicate ignored
<to be read again> 
                   \relax 
l.310 \begin{equation}
                      \nonumber\begin{aligned}
pdfTeX warning (ext4): destination with the same identifier (name{equation.0.6}
) has been already used, duplicate ignored
<to be read again> 
                   \relax 
l.310 \begin{equation}
                      \nonumber\begin{aligned}
pdfTeX warning (ext4): destination with the same identifier (name{equation.0.6}
) has been already used, duplicate ignored
<to be read again> 
                   \relax 
l.310 \begin{equation}
                      \nonumber\begin{aligned}

Package natbib Warning: Citation `ufc3340022014' on page 7 undefined on input l
ine 325.


Package natbib Warning: Citation `ufc3340022014' on page 7 undefined on input l
ine 330.


pdfTeX warning (ext4): destination with the same identifier (name{equation.0.6}
) has been already used, duplicate ignored
<to be read again> 
                   \relax 
l.331 \begin{equation}
                      \label{eqvvr}
pdfTeX warning (ext4): destination with the same identifier (name{equation.0.6}
) has been already used, duplicate ignored
<to be read again> 
                   \relax 
l.331 \begin{equation}
                      \label{eqvvr}
pdfTeX warning (ext4): destination with the same identifier (name{equation.0.6}
) has been already used, duplicate ignored
<to be read again> 
                   \relax 
l.331 \begin{equation}
                      \label{eqvvr}
pdfTeX warning (ext4): destination with the same identifier (name{equation.0.6}
) has been already used, duplicate ignored
<to be read again> 
                   \relax 
l.331 \begin{equation}
                      \label{eqvvr}

Package natbib Warning: Citation `ufc3340022014' on page 7 undefined on input l
ine 334.

[7]
Overfull \hbox (29.0116pt too wide) detected at line 342
[]
 []


Overfull \hbox (15.59912pt too wide) detected at line 354
[]
 []

No file final.bbl.

Package natbib Warning: There were undefined citations.

[8] [9] (final.aux)

LaTeX Warning: Label(s) may have changed. Rerun to get cross-references right.

Package rerunfilecheck Info: File `final.out' has not changed.
(rerunfilecheck)             Checksum: D41D8CD98F00B204E9800998ECF8427E;0.
 ) 
Here is how much of TeX's memory you used:
 24793 strings out of 476499
 467211 string characters out of 2804309
 1868250 words of memory out of 12000000
 44621 multiletter control sequences out of 15000+600000
 533568 words of font info for 77 fonts, out of 8000000 for 9000
 1141 hyphenation exceptions out of 8191
 90i,18n,90p,388b,742s stack positions out of 10000i,1000n,20000p,200000b,80000s

pdfTeX warning (dest): name{equation.0.14} has been referenced but does not exi
st, replaced by a fixed one

{C:/Programs/MikTex/fonts/enc/dvips/base/8r.enc}<C:/Programs/MikTex/fonts/type1
/public/amsfonts/cm/cmex10.pfb><C:/Programs/MikTex/fonts/type1/public/amsfonts/
cm/cmmi10.pfb><C:/Programs/MikTex/fonts/type1/public/amsfonts/cm/cmmi5.pfb><C:/
Programs/MikTex/fonts/type1/public/amsfonts/cm/cmmi7.pfb><C:/Programs/MikTex/fo
nts/type1/public/amsfonts/cm/cmr10.pfb><C:/Programs/MikTex/fonts/type1/public/a
msfonts/cm/cmr5.pfb><C:/Programs/MikTex/fonts/type1/public/amsfonts/cm/cmr7.pfb
><C:/Programs/MikTex/fonts/type1/public/amsfonts/cm/cmsy10.pfb><C:/Programs/Mik
Tex/fonts/type1/public/amsfonts/cm/cmsy5.pfb><C:/Programs/MikTex/fonts/type1/pu
blic/amsfonts/cm/cmsy7.pfb><C:/Programs/MikTex/fonts/type1/urw/helvetic/uhvr8a.
pfb><C:/Programs/MikTex/fonts/type1/urw/palatino/uplb8a.pfb><C:/Programs/MikTex
/fonts/type1/urw/palatino/uplr8a.pfb>
Output written on final.pdf (9 pages, 194918 bytes).
PDF statistics:
 160 PDF objects out of 1000 (max. 8388607)
 39 named destinations out of 1000 (max. 500000)
 13 words of extra memory for PDF output out of 10000 (max. 10000000)

